<?xml version="1.0" encoding="UTF-8"?>
<!-- Generated by org.testng.reporters.JUnitReportReporter -->
<testsuite hostname="DESKTOP-JPPT6UC" failures="0" tests="1" name="dataprovider_demo.DataProviderExample" time="0.011" errors="0" timestamp="24 May 2024 07:41:19 GMT">
  <testcase classname="dataprovider_demo.DataProviderExample" name="userDetails" time="0.011"/>
</testsuite> <!-- dataprovider_demo.DataProviderExample -->
