<?xml version="1.0" encoding="UTF-8"?>
<!-- Generated by org.testng.reporters.JUnitReportReporter -->
<testsuite hostname="DESKTOP-JPPT6UC" failures="0" tests="1" name="properties_demo.ReadData" time="0.017" errors="0" timestamp="28 May 2024 06:17:05 GMT">
  <testcase classname="properties_demo.ReadData" name="demo" time="0.017"/>
</testsuite> <!-- properties_demo.ReadData -->
