<?xml version="1.0" encoding="UTF-8"?>
<!-- Generated by org.testng.reporters.JUnitReportReporter -->
<testsuite hostname="DESKTOP-JPPT6UC" failures="0" tests="1" name="jxl_operations.JXL_Read" time="0.276" errors="0" timestamp="28 May 2024 07:27:44 GMT">
  <testcase classname="jxl_operations.JXL_Read" name="read" time="0.276"/>
</testsuite> <!-- jxl_operations.JXL_Read -->
